This is XeTeX, Version 3.141592653-2.6-0.999993 (TeX Live 2021) (preloaded format=xelatex 2022.11.4)  3 DEC 2022 21:00
entering extended mode
 \write18 enabled.
 %&-line parsing enabled.
**/home/nemo/Workflow/Code/python/film_recomending/paper_writing/Film-Analysis-based-on-NLP.tex
(/home/nemo/Workflow/Code/python/film_recomending/paper_writing/Film-Analysis-based-on-NLP.tex
LaTeX2e <2020-10-01> patch level 4
L3 programming layer <2021-05-07> (/usr/share/texlive/texmf-dist/tex/latex/base/article.cls
Document Class: article 2020/04/10 v1.4m Standard LaTeX document class
(/usr/share/texlive/texmf-dist/tex/latex/base/size12.clo
File: size12.clo 2020/04/10 v1.4m Standard LaTeX file (size option)
)
\c@part=\count175
\c@section=\count176
\c@subsection=\count177
\c@subsubsection=\count178
\c@paragraph=\count179
\c@subparagraph=\count180
\c@figure=\count181
\c@table=\count182
\abovecaptionskip=\skip47
\belowcaptionskip=\skip48
\bibindent=\dimen138
) (/usr/share/texlive/texmf-dist/tex/latex/ctex/ctex.sty (/usr/share/texlive/texmf-dist/tex/latex/l3kernel/expl3.sty
Package: expl3 2021-05-07 L3 programming layer (loader) 
 (/usr/share/texlive/texmf-dist/tex/latex/l3backend/l3backend-xetex.def
File: l3backend-xetex.def 2021-05-07 L3 backend support: XeTeX
 (|extractbb --version)
\c__kernel_sys_dvipdfmx_version_int=\count183
\l__color_backend_stack_int=\count184
\g__color_backend_stack_int=\count185
\g__graphics_track_int=\count186
\l__pdf_internal_box=\box47
\g__pdf_backend_object_int=\count187
\g__pdf_backend_annotation_int=\count188
\g__pdf_backend_link_int=\count189
))
Package: ctex 2021/03/14 v2.5.6 Chinese adapter in LaTeX (CTEX)
 (/usr/share/texlive/texmf-dist/tex/latex/l3packages/xparse/xparse.sty (/usr/share/texlive/texmf-dist/tex/latex/l3packages/xparse/xparse-2020-10-01.sty (/usr/share/texlive/texmf-dist/tex/latex/l3packages/xparse/xparse-generic.tex))) (/usr/share/texlive/texmf-dist/tex/latex/l3packages/l3keys2e/l3keys2e.sty
Package: l3keys2e 2021-05-07 LaTeX2e option processing using LaTeX3 keys
) (/usr/share/texlive/texmf-dist/tex/latex/ctex/ctexhook.sty
Package: ctexhook 2021/03/14 v2.5.6 Document and package hooks (CTEX)
) (/usr/share/texlive/texmf-dist/tex/latex/ctex/ctexpatch.sty
Package: ctexpatch 2021/03/14 v2.5.6 Patching commands (CTEX)
) (/usr/share/texlive/texmf-dist/tex/latex/base/fix-cm.sty
Package: fix-cm 2015/01/14 v1.1t fixes to LaTeX
 (/usr/share/texlive/texmf-dist/tex/latex/base/ts1enc.def
File: ts1enc.def 2001/06/05 v3.0e (jk/car/fm) Standard LaTeX file
LaTeX Font Info:    Redeclaring font encoding TS1 on input line 47.
)) (/usr/share/texlive/texmf-dist/tex/latex/everysel/everysel.sty
Package: everysel 2021/01/20 v2.1 EverySelectfont Package (MS)
 (/usr/share/texlive/texmf-dist/tex/latex/everysel/everysel-2011-10-28.sty))
\l__ctex_tmp_int=\count190
\l__ctex_tmp_box=\box48
\l__ctex_tmp_dim=\dimen139
\g__ctex_section_depth_int=\count191
\g__ctex_font_size_int=\count192
 (/usr/share/texlive/texmf-dist/tex/latex/ctex/config/ctexopts.cfg
File: ctexopts.cfg 2021/03/14 v2.5.6 Option configuration file (CTEX)
) (/usr/share/texlive/texmf-dist/tex/latex/ctex/engine/ctex-engine-xetex.def
File: ctex-engine-xetex.def 2021/03/14 v2.5.6 XeLaTeX adapter (CTEX)
 (/usr/share/texlive/texmf-dist/tex/xelatex/xecjk/xeCJK.sty
Package: xeCJK 2020/10/19 v3.8.6 Typesetting CJK scripts with XeLaTeX
 (/usr/share/texlive/texmf-dist/tex/latex/l3packages/xtemplate/xtemplate.sty
Package: xtemplate 2021-05-07 L3 Experimental prototype document functions
\l__xtemplate_tmp_dim=\dimen140
\l__xtemplate_tmp_int=\count193
\l__xtemplate_tmp_muskip=\muskip16
\l__xtemplate_tmp_skip=\skip49
)
\l__xeCJK_tmp_int=\count194
\l__xeCJK_tmp_box=\box49
\l__xeCJK_tmp_dim=\dimen141
\l__xeCJK_tmp_skip=\skip50
\g__xeCJK_space_factor_int=\count195
\l__xeCJK_begin_int=\count196
\l__xeCJK_end_int=\count197
\c__xeCJK_CJK_class_int=\XeTeXcharclass1
\c__xeCJK_FullLeft_class_int=\XeTeXcharclass2
\c__xeCJK_FullRight_class_int=\XeTeXcharclass3
\c__xeCJK_HalfLeft_class_int=\XeTeXcharclass4
\c__xeCJK_HalfRight_class_int=\XeTeXcharclass5
\c__xeCJK_NormalSpace_class_int=\XeTeXcharclass6
\c__xeCJK_CM_class_int=\XeTeXcharclass7
\c__xeCJK_HangulJamo_class_int=\XeTeXcharclass8
\l__xeCJK_last_skip=\skip51
\g__xeCJK_node_int=\count198
\c__xeCJK_CJK_node_dim=\dimen142
\c__xeCJK_CJK-space_node_dim=\dimen143
\c__xeCJK_default_node_dim=\dimen144
\c__xeCJK_default-space_node_dim=\dimen145
\c__xeCJK_CJK-widow_node_dim=\dimen146
\c__xeCJK_normalspace_node_dim=\dimen147
\l__xeCJK_ccglue_skip=\skip52
\l__xeCJK_ecglue_skip=\skip53
\l__xeCJK_punct_kern_skip=\skip54
\l__xeCJK_last_penalty_int=\count199
\l__xeCJK_last_bound_dim=\dimen148
\l__xeCJK_last_kern_dim=\dimen149
\l__xeCJK_widow_penalty_int=\count266

Package xtemplate Info: Declaring object type 'xeCJK/punctuation' taking 0
(xtemplate)             argument(s) on line 2341.

\l__xeCJK_fixed_punct_width_dim=\dimen150
\l__xeCJK_mixed_punct_width_dim=\dimen151
\l__xeCJK_middle_punct_width_dim=\dimen152
\l__xeCJK_fixed_margin_width_dim=\dimen153
\l__xeCJK_mixed_margin_width_dim=\dimen154
\l__xeCJK_middle_margin_width_dim=\dimen155
\l__xeCJK_bound_punct_width_dim=\dimen156
\l__xeCJK_bound_margin_width_dim=\dimen157
\l__xeCJK_margin_minimum_dim=\dimen158
\l__xeCJK_kerning_total_width_dim=\dimen159
\l__xeCJK_same_align_margin_dim=\dimen160
\l__xeCJK_different_align_margin_dim=\dimen161
\l__xeCJK_kerning_margin_width_dim=\dimen162
\l__xeCJK_kerning_margin_minimum_dim=\dimen163
\l__xeCJK_bound_dim=\dimen164
\l__xeCJK_reverse_bound_dim=\dimen165
\l__xeCJK_margin_dim=\dimen166
\l__xeCJK_minimum_bound_dim=\dimen167
\l__xeCJK_kerning_margin_dim=\dimen168
\g__xeCJK_family_int=\count267
\l__xeCJK_fam_int=\count268
\g__xeCJK_fam_allocation_int=\count269
\l__xeCJK_verb_case_int=\count270
\l__xeCJK_verb_exspace_skip=\skip55
 (/usr/share/texlive/texmf-dist/tex/latex/fontspec/fontspec.sty
Package: fontspec 2020/02/21 v2.7i Font selection for XeLaTeX and LuaLaTeX
 (/usr/share/texlive/texmf-dist/tex/latex/fontspec/fontspec-xetex.sty
Package: fontspec-xetex 2020/02/21 v2.7i Font selection for XeLaTeX and LuaLaTeX
\l__fontspec_script_int=\count271
\l__fontspec_language_int=\count272
\l__fontspec_strnum_int=\count273
\l__fontspec_tmp_int=\count274
\l__fontspec_tmpa_int=\count275
\l__fontspec_tmpb_int=\count276
\l__fontspec_tmpc_int=\count277
\l__fontspec_em_int=\count278
\l__fontspec_emdef_int=\count279
\l__fontspec_strong_int=\count280
\l__fontspec_strongdef_int=\count281
\l__fontspec_tmpa_dim=\dimen169
\l__fontspec_tmpb_dim=\dimen170
\l__fontspec_tmpc_dim=\dimen171
 (/usr/share/texlive/texmf-dist/tex/latex/base/fontenc.sty
Package: fontenc 2020/08/10 v2.0s Standard LaTeX package
) (/usr/share/texlive/texmf-dist/tex/latex/fontspec/fontspec.cfg))) (/usr/share/texlive/texmf-dist/tex/xelatex/xecjk/xeCJK.cfg
File: xeCJK.cfg 2020/10/19 v3.8.6 Configuration file for xeCJK package
))
\ccwd=\dimen172
\l__ctex_ccglue_skip=\skip56
)
\l__ctex_ziju_dim=\dimen173
 (/usr/share/texlive/texmf-dist/tex/latex/zhnumber/zhnumber.sty
Package: zhnumber 2020/05/01 v2.8 Typesetting numbers with Chinese glyphs
\l__zhnum_scale_int=\count282
 (/usr/share/texlive/texmf-dist/tex/latex/zhnumber/zhnumber-utf8.cfg
File: zhnumber-utf8.cfg 2020/05/01 v2.8 Chinese numerals with UTF8 encoding
)) (/usr/share/texlive/texmf-dist/tex/latex/ctex/scheme/ctex-scheme-chinese.def
File: ctex-scheme-chinese.def 2021/03/14 v2.5.6 Chinese scheme for generic (CTEX)
 (/usr/share/texlive/texmf-dist/tex/latex/ctex/config/ctex-name-utf8.cfg
File: ctex-name-utf8.cfg 2021/03/14 v2.5.6 Caption with encoding UTF-8 (CTEX)
)) (/usr/share/texlive/texmf-dist/tex/latex/tools/indentfirst.sty
Package: indentfirst 1995/11/23 v1.03 Indent first paragraph (DPC)
) (/usr/share/texlive/texmf-dist/tex/latex/ctex/fontset/ctex-fontset-fandol.def
File: ctex-fontset-fandol.def 2021/03/14 v2.5.6 Fandol fonts definition (CTEX)


Package fontspec Warning: Font "FandolSong-Regular" does not contain requested
(fontspec)                Script "CJK".


Package fontspec Info: Font family 'FandolSong-Regular(0)' created for font
(fontspec)             'FandolSong-Regular' with options
(fontspec)             [Script={CJK},Extension={.otf},BoldFont={FandolSong-Bold},ItalicFont={FandolKai-Regular}].
(fontspec)              
(fontspec)              This font family consists of the following NFSS
(fontspec)             series/shapes:
(fontspec)              
(fontspec)             - 'normal' (m/n) with NFSS spec.:
(fontspec)             <->"[FandolSong-Regular.otf]/OT:language=dflt;"
(fontspec)             - 'small caps'  (m/sc) with NFSS spec.: 
(fontspec)             - 'bold' (b/n) with NFSS spec.:
(fontspec)             <->"[FandolSong-Bold.otf]/OT:language=dflt;"
(fontspec)             - 'bold small caps'  (b/sc) with NFSS spec.: 
(fontspec)             - 'italic' (m/it) with NFSS spec.:
(fontspec)             <->"[FandolKai-Regular.otf]/OT:language=dflt;"
(fontspec)             - 'italic small caps'  (m/scit) with NFSS spec.: 

)) (/usr/share/texlive/texmf-dist/tex/latex/ctex/config/ctex.cfg
File: ctex.cfg 2021/03/14 v2.5.6 Configuration file (CTEX)
) (/usr/share/texlive/texmf-dist/tex/latex/booktabs/booktabs.sty
Package: booktabs 2020/01/12 v1.61803398 Publication quality tables
\heavyrulewidth=\dimen174
\lightrulewidth=\dimen175
\cmidrulewidth=\dimen176
\belowrulesep=\dimen177
\belowbottomsep=\dimen178
\aboverulesep=\dimen179
\abovetopsep=\dimen180
\cmidrulesep=\dimen181
\cmidrulekern=\dimen182
\defaultaddspace=\dimen183
\@cmidla=\count283
\@cmidlb=\count284
\@aboverulesep=\dimen184
\@belowrulesep=\dimen185
\@thisruleclass=\count285
\@lastruleclass=\count286
\@thisrulewidth=\dimen186
) (/usr/share/texlive/texmf-dist/tex/latex/siunitx/siunitx.sty
Package: siunitx 2021-04-17 v2.8e A comprehensive (SI) units package
 (/usr/share/texlive/texmf-dist/tex/latex/amsmath/amstext.sty
Package: amstext 2000/06/29 v2.01 AMS text
 (/usr/share/texlive/texmf-dist/tex/latex/amsmath/amsgen.sty
File: amsgen.sty 1999/11/30 v2.0 generic functions
\@emptytoks=\toks15
\ex@=\dimen187
)) (/usr/share/texlive/texmf-dist/tex/latex/tools/array.sty
Package: array 2020/10/01 v2.5c Tabular extension package (FMi)
\col@sep=\dimen188
\ar@mcellbox=\box50
\extrarowheight=\dimen189
\NC@list=\toks16
\extratabsurround=\skip57
\backup@length=\skip58
\ar@cellbox=\box51
)
\l__siunitx_tmp_box=\box52
\l__siunitx_tmp_dim=\dimen190
\l__siunitx_tmp_int=\count287
\l__siunitx_number_mantissa_length_int=\count288
\l__siunitx_number_uncert_length_int=\count289
\l__siunitx_round_int=\count290
\l__siunitx_process_decimal_int=\count291
\l__siunitx_process_uncertainty_int=\count292
\l__siunitx_process_fixed_int=\count293
\l__siunitx_process_integer_min_int=\count294
\l__siunitx_process_precision_int=\count295
\l__siunitx_group_min_int=\count296
\l__siunitx_angle_marker_box=\box53
\l__siunitx_angle_unit_box=\box54
\l__siunitx_angle_marker_dim=\dimen191
\l__siunitx_angle_unit_dim=\dimen192
\l__siunitx_unit_int=\count297
\l__siunitx_unit_denominator_int=\count298
\l__siunitx_unit_numerator_int=\count299
\l__siunitx_unit_prefix_int=\count300
\l__siunitx_unit_prefix_base_int=\count301
\l__siunitx_unit_prefix_gram_int=\count302
\l__siunitx_number_product_int=\count303
\c__siunitx_one_fill_skip=\skip59
\l__siunitx_table_unit_align_skip=\skip60
\l__siunitx_table_exponent_dim=\dimen193
\l__siunitx_table_integer_dim=\dimen194
\l__siunitx_table_mantissa_dim=\dimen195
\l__siunitx_table_marker_dim=\dimen196
\l__siunitx_table_result_dim=\dimen197
\l__siunitx_table_uncert_dim=\dimen198
\l__siunitx_table_fill_pre_dim=\dimen199
\l__siunitx_table_fill_post_dim=\dimen256
\l__siunitx_table_fill_mid_dim=\dimen257
\l__siunitx_table_pre_box=\box55
\l__siunitx_table_post_box=\box56
\l__siunitx_table_mantissa_box=\box57
\l__siunitx_table_result_box=\box58
\l__siunitx_table_number_align_skip=\skip61
\l__siunitx_table_text_align_skip=\skip62
 (/usr/share/texlive/texmf-dist/tex/latex/translator/translator.sty
Package: translator 2020-08-03 v1.12c Easy translation of strings in LaTeX
 (/usr/share/texlive/texmf-dist/tex/latex/graphics/keyval.sty
Package: keyval 2014/10/28 v1.15 key=value parser (DPC)
\KV@toks@=\toks17
))) (/usr/share/texlive/texmf-dist/tex/latex/pgfplots/pgfplotstable.sty (/usr/share/texlive/texmf-dist/tex/generic/pgfplots/pgfplots.revision.tex)
Package: pgfplotstable 2021/05/08 v1.18 Table typesetting and Pretty-printing (1.18)
 (/usr/share/texlive/texmf-dist/tex/latex/pgfplots/pgfplots.sty (/usr/share/texlive/texmf-dist/tex/generic/pgfplots/pgfplots.revision.tex)
Package: pgfplots 2021/05/08 v1.18 Data Visualization (1.18)
 (/usr/share/texlive/texmf-dist/tex/latex/graphics/graphicx.sty
Package: graphicx 2020/09/09 v1.2b Enhanced LaTeX Graphics (DPC,SPQR)
 (/usr/share/texlive/texmf-dist/tex/latex/graphics/graphics.sty
Package: graphics 2020/08/30 v1.4c Standard LaTeX Graphics (DPC,SPQR)
 (/usr/share/texlive/texmf-dist/tex/latex/graphics/trig.sty
Package: trig 2016/01/03 v1.10 sin cos tan (DPC)
) (/usr/share/texlive/texmf-dist/tex/latex/graphics-cfg/graphics.cfg
File: graphics.cfg 2016/06/04 v1.11 sample graphics configuration
)
Package graphics Info: Driver file: xetex.def on input line 105.
 (/usr/share/texlive/texmf-dist/tex/latex/graphics-def/xetex.def
File: xetex.def 2021/03/18 v5.0k Graphics/color driver for xetex
))
\Gin@req@height=\dimen258
\Gin@req@width=\dimen259
) (/usr/share/texlive/texmf-dist/tex/latex/pgf/frontendlayer/tikz.sty (/usr/share/texlive/texmf-dist/tex/latex/pgf/basiclayer/pgf.sty (/usr/share/texlive/texmf-dist/tex/latex/pgf/utilities/pgfrcs.sty (/usr/share/texlive/texmf-dist/tex/generic/pgf/utilities/pgfutil-common.tex
\pgfutil@everybye=\toks18
\pgfutil@tempdima=\dimen260
\pgfutil@tempdimb=\dimen261
 (/usr/share/texlive/texmf-dist/tex/generic/pgf/utilities/pgfutil-common-lists.tex)) (/usr/share/texlive/texmf-dist/tex/generic/pgf/utilities/pgfutil-latex.def
\pgfutil@abb=\box59
) (/usr/share/texlive/texmf-dist/tex/generic/pgf/utilities/pgfrcs.code.tex (/usr/share/texlive/texmf-dist/tex/generic/pgf/pgf.revision.tex)
Package: pgfrcs 2020/12/27 v3.1.8b (3.1.8b)
))
Package: pgf 2020/12/27 v3.1.8b (3.1.8b)
 (/usr/share/texlive/texmf-dist/tex/latex/pgf/basiclayer/pgfcore.sty (/usr/share/texlive/texmf-dist/tex/latex/pgf/systemlayer/pgfsys.sty (/usr/share/texlive/texmf-dist/tex/generic/pgf/systemlayer/pgfsys.code.tex
Package: pgfsys 2020/12/27 v3.1.8b (3.1.8b)
 (/usr/share/texlive/texmf-dist/tex/generic/pgf/utilities/pgfkeys.code.tex
\pgfkeys@pathtoks=\toks19
\pgfkeys@temptoks=\toks20
 (/usr/share/texlive/texmf-dist/tex/generic/pgf/utilities/pgfkeysfiltered.code.tex
\pgfkeys@tmptoks=\toks21
))
\pgf@x=\dimen262
\pgf@y=\dimen263
\pgf@xa=\dimen264
\pgf@ya=\dimen265
\pgf@xb=\dimen266
\pgf@yb=\dimen267
\pgf@xc=\dimen268
\pgf@yc=\dimen269
\pgf@xd=\dimen270
\pgf@yd=\dimen271
\w@pgf@writea=\write3
\r@pgf@reada=\read2
\c@pgf@counta=\count304
\c@pgf@countb=\count305
\c@pgf@countc=\count306
\c@pgf@countd=\count307
\t@pgf@toka=\toks22
\t@pgf@tokb=\toks23
\t@pgf@tokc=\toks24
\pgf@sys@id@count=\count308
 (/usr/share/texlive/texmf-dist/tex/generic/pgf/systemlayer/pgf.cfg
File: pgf.cfg 2020/12/27 v3.1.8b (3.1.8b)
)
Driver file for pgf: pgfsys-xetex.def
 (/usr/share/texlive/texmf-dist/tex/generic/pgf/systemlayer/pgfsys-xetex.def
File: pgfsys-xetex.def 2020/12/27 v3.1.8b (3.1.8b)
 (/usr/share/texlive/texmf-dist/tex/generic/pgf/systemlayer/pgfsys-dvipdfmx.def
File: pgfsys-dvipdfmx.def 2020/12/27 v3.1.8b (3.1.8b)
 (/usr/share/texlive/texmf-dist/tex/generic/pgf/systemlayer/pgfsys-common-pdf.def
File: pgfsys-common-pdf.def 2020/12/27 v3.1.8b (3.1.8b)
)
\pgfsys@objnum=\count309
))) (/usr/share/texlive/texmf-dist/tex/generic/pgf/systemlayer/pgfsyssoftpath.code.tex
File: pgfsyssoftpath.code.tex 2020/12/27 v3.1.8b (3.1.8b)
\pgfsyssoftpath@smallbuffer@items=\count310
\pgfsyssoftpath@bigbuffer@items=\count311
) (/usr/share/texlive/texmf-dist/tex/generic/pgf/systemlayer/pgfsysprotocol.code.tex
File: pgfsysprotocol.code.tex 2020/12/27 v3.1.8b (3.1.8b)
)) (/usr/share/texlive/texmf-dist/tex/latex/xcolor/xcolor.sty
Package: xcolor 2016/05/11 v2.12 LaTeX color extensions (UK)
 (/usr/share/texlive/texmf-dist/tex/latex/graphics-cfg/color.cfg
File: color.cfg 2016/01/02 v1.6 sample color configuration
)
Package xcolor Info: Driver file: xetex.def on input line 225.
Package xcolor Info: Model `cmy' substituted by `cmy0' on input line 1348.
Package xcolor Info: Model `RGB' extended on input line 1364.
Package xcolor Info: Model `HTML' substituted by `rgb' on input line 1366.
Package xcolor Info: Model `Hsb' substituted by `hsb' on input line 1367.
Package xcolor Info: Model `tHsb' substituted by `hsb' on input line 1368.
Package xcolor Info: Model `HSB' substituted by `hsb' on input line 1369.
Package xcolor Info: Model `Gray' substituted by `gray' on input line 1370.
Package xcolor Info: Model `wave' substituted by `hsb' on input line 1371.
) (/usr/share/texlive/texmf-dist/tex/generic/pgf/basiclayer/pgfcore.code.tex
Package: pgfcore 2020/12/27 v3.1.8b (3.1.8b)
 (/usr/share/texlive/texmf-dist/tex/generic/pgf/math/pgfmath.code.tex (/usr/share/texlive/texmf-dist/tex/generic/pgf/math/pgfmathcalc.code.tex (/usr/share/texlive/texmf-dist/tex/generic/pgf/math/pgfmathutil.code.tex) (/usr/share/texlive/texmf-dist/tex/generic/pgf/math/pgfmathparser.code.tex
\pgfmath@dimen=\dimen272
\pgfmath@count=\count312
\pgfmath@box=\box60
\pgfmath@toks=\toks25
\pgfmath@stack@operand=\toks26
\pgfmath@stack@operation=\toks27
) (/usr/share/texlive/texmf-dist/tex/generic/pgf/math/pgfmathfunctions.code.tex (/usr/share/texlive/texmf-dist/tex/generic/pgf/math/pgfmathfunctions.basic.code.tex) (/usr/share/texlive/texmf-dist/tex/generic/pgf/math/pgfmathfunctions.trigonometric.code.tex) (/usr/share/texlive/texmf-dist/tex/generic/pgf/math/pgfmathfunctions.random.code.tex) (/usr/share/texlive/texmf-dist/tex/generic/pgf/math/pgfmathfunctions.comparison.code.tex) (/usr/share/texlive/texmf-dist/tex/generic/pgf/math/pgfmathfunctions.base.code.tex) (/usr/share/texlive/texmf-dist/tex/generic/pgf/math/pgfmathfunctions.round.code.tex) (/usr/share/texlive/texmf-dist/tex/generic/pgf/math/pgfmathfunctions.misc.code.tex) (/usr/share/texlive/texmf-dist/tex/generic/pgf/math/pgfmathfunctions.integerarithmetics.code.tex))) (/usr/share/texlive/texmf-dist/tex/generic/pgf/math/pgfmathfloat.code.tex
\c@pgfmathroundto@lastzeros=\count313
)) (/usr/share/texlive/texmf-dist/tex/generic/pgf/math/pgfint.code.tex) (/usr/share/texlive/texmf-dist/tex/generic/pgf/basiclayer/pgfcorepoints.code.tex
File: pgfcorepoints.code.tex 2020/12/27 v3.1.8b (3.1.8b)
\pgf@picminx=\dimen273
\pgf@picmaxx=\dimen274
\pgf@picminy=\dimen275
\pgf@picmaxy=\dimen276
\pgf@pathminx=\dimen277
\pgf@pathmaxx=\dimen278
\pgf@pathminy=\dimen279
\pgf@pathmaxy=\dimen280
\pgf@xx=\dimen281
\pgf@xy=\dimen282
\pgf@yx=\dimen283
\pgf@yy=\dimen284
\pgf@zx=\dimen285
\pgf@zy=\dimen286
) (/usr/share/texlive/texmf-dist/tex/generic/pgf/basiclayer/pgfcorepathconstruct.code.tex
File: pgfcorepathconstruct.code.tex 2020/12/27 v3.1.8b (3.1.8b)
\pgf@path@lastx=\dimen287
\pgf@path@lasty=\dimen288
) (/usr/share/texlive/texmf-dist/tex/generic/pgf/basiclayer/pgfcorepathusage.code.tex
File: pgfcorepathusage.code.tex 2020/12/27 v3.1.8b (3.1.8b)
\pgf@shorten@end@additional=\dimen289
\pgf@shorten@start@additional=\dimen290
) (/usr/share/texlive/texmf-dist/tex/generic/pgf/basiclayer/pgfcorescopes.code.tex
File: pgfcorescopes.code.tex 2020/12/27 v3.1.8b (3.1.8b)
\pgfpic=\box61
\pgf@hbox=\box62
\pgf@layerbox@main=\box63
\pgf@picture@serial@count=\count314
) (/usr/share/texlive/texmf-dist/tex/generic/pgf/basiclayer/pgfcoregraphicstate.code.tex
File: pgfcoregraphicstate.code.tex 2020/12/27 v3.1.8b (3.1.8b)
\pgflinewidth=\dimen291
) (/usr/share/texlive/texmf-dist/tex/generic/pgf/basiclayer/pgfcoretransformations.code.tex
File: pgfcoretransformations.code.tex 2020/12/27 v3.1.8b (3.1.8b)
\pgf@pt@x=\dimen292
\pgf@pt@y=\dimen293
\pgf@pt@temp=\dimen294
) (/usr/share/texlive/texmf-dist/tex/generic/pgf/basiclayer/pgfcorequick.code.tex
File: pgfcorequick.code.tex 2020/12/27 v3.1.8b (3.1.8b)
) (/usr/share/texlive/texmf-dist/tex/generic/pgf/basiclayer/pgfcoreobjects.code.tex
File: pgfcoreobjects.code.tex 2020/12/27 v3.1.8b (3.1.8b)
) (/usr/share/texlive/texmf-dist/tex/generic/pgf/basiclayer/pgfcorepathprocessing.code.tex
File: pgfcorepathprocessing.code.tex 2020/12/27 v3.1.8b (3.1.8b)
) (/usr/share/texlive/texmf-dist/tex/generic/pgf/basiclayer/pgfcorearrows.code.tex
File: pgfcorearrows.code.tex 2020/12/27 v3.1.8b (3.1.8b)
\pgfarrowsep=\dimen295
) (/usr/share/texlive/texmf-dist/tex/generic/pgf/basiclayer/pgfcoreshade.code.tex
File: pgfcoreshade.code.tex 2020/12/27 v3.1.8b (3.1.8b)
\pgf@max=\dimen296
\pgf@sys@shading@range@num=\count315
\pgf@shadingcount=\count316
) (/usr/share/texlive/texmf-dist/tex/generic/pgf/basiclayer/pgfcoreimage.code.tex
File: pgfcoreimage.code.tex 2020/12/27 v3.1.8b (3.1.8b)
 (/usr/share/texlive/texmf-dist/tex/generic/pgf/basiclayer/pgfcoreexternal.code.tex
File: pgfcoreexternal.code.tex 2020/12/27 v3.1.8b (3.1.8b)
\pgfexternal@startupbox=\box64
)) (/usr/share/texlive/texmf-dist/tex/generic/pgf/basiclayer/pgfcorelayers.code.tex
File: pgfcorelayers.code.tex 2020/12/27 v3.1.8b (3.1.8b)
) (/usr/share/texlive/texmf-dist/tex/generic/pgf/basiclayer/pgfcoretransparency.code.tex
File: pgfcoretransparency.code.tex 2020/12/27 v3.1.8b (3.1.8b)
) (/usr/share/texlive/texmf-dist/tex/generic/pgf/basiclayer/pgfcorepatterns.code.tex
File: pgfcorepatterns.code.tex 2020/12/27 v3.1.8b (3.1.8b)
) (/usr/share/texlive/texmf-dist/tex/generic/pgf/basiclayer/pgfcorerdf.code.tex
File: pgfcorerdf.code.tex 2020/12/27 v3.1.8b (3.1.8b)
))) (/usr/share/texlive/texmf-dist/tex/generic/pgf/modules/pgfmoduleshapes.code.tex
File: pgfmoduleshapes.code.tex 2020/12/27 v3.1.8b (3.1.8b)
\pgfnodeparttextbox=\box65
) (/usr/share/texlive/texmf-dist/tex/generic/pgf/modules/pgfmoduleplot.code.tex
File: pgfmoduleplot.code.tex 2020/12/27 v3.1.8b (3.1.8b)
) (/usr/share/texlive/texmf-dist/tex/latex/pgf/compatibility/pgfcomp-version-0-65.sty
Package: pgfcomp-version-0-65 2020/12/27 v3.1.8b (3.1.8b)
\pgf@nodesepstart=\dimen297
\pgf@nodesepend=\dimen298
) (/usr/share/texlive/texmf-dist/tex/latex/pgf/compatibility/pgfcomp-version-1-18.sty
Package: pgfcomp-version-1-18 2020/12/27 v3.1.8b (3.1.8b)
)) (/usr/share/texlive/texmf-dist/tex/latex/pgf/utilities/pgffor.sty (/usr/share/texlive/texmf-dist/tex/latex/pgf/utilities/pgfkeys.sty (/usr/share/texlive/texmf-dist/tex/generic/pgf/utilities/pgfkeys.code.tex)) (/usr/share/texlive/texmf-dist/tex/latex/pgf/math/pgfmath.sty (/usr/share/texlive/texmf-dist/tex/generic/pgf/math/pgfmath.code.tex)) (/usr/share/texlive/texmf-dist/tex/generic/pgf/utilities/pgffor.code.tex
Package: pgffor 2020/12/27 v3.1.8b (3.1.8b)
 (/usr/share/texlive/texmf-dist/tex/generic/pgf/math/pgfmath.code.tex)
\pgffor@iter=\dimen299
\pgffor@skip=\dimen300
\pgffor@stack=\toks28
\pgffor@toks=\toks29
)) (/usr/share/texlive/texmf-dist/tex/generic/pgf/frontendlayer/tikz/tikz.code.tex
Package: tikz 2020/12/27 v3.1.8b (3.1.8b)
 (/usr/share/texlive/texmf-dist/tex/generic/pgf/libraries/pgflibraryplothandlers.code.tex
File: pgflibraryplothandlers.code.tex 2020/12/27 v3.1.8b (3.1.8b)
\pgf@plot@mark@count=\count317
\pgfplotmarksize=\dimen301
)
\tikz@lastx=\dimen302
\tikz@lasty=\dimen303
\tikz@lastxsaved=\dimen304
\tikz@lastysaved=\dimen305
\tikz@lastmovetox=\dimen306
\tikz@lastmovetoy=\dimen307
\tikzleveldistance=\dimen308
\tikzsiblingdistance=\dimen309
\tikz@figbox=\box66
\tikz@figbox@bg=\box67
\tikz@tempbox=\box68
\tikz@tempbox@bg=\box69
\tikztreelevel=\count318
\tikznumberofchildren=\count319
\tikznumberofcurrentchild=\count320
\tikz@fig@count=\count321
 (/usr/share/texlive/texmf-dist/tex/generic/pgf/modules/pgfmodulematrix.code.tex
File: pgfmodulematrix.code.tex 2020/12/27 v3.1.8b (3.1.8b)
\pgfmatrixcurrentrow=\count322
\pgfmatrixcurrentcolumn=\count323
\pgf@matrix@numberofcolumns=\count324
)
\tikz@expandcount=\count325
 (/usr/share/texlive/texmf-dist/tex/generic/pgf/frontendlayer/tikz/libraries/tikzlibrarytopaths.code.tex
File: tikzlibrarytopaths.code.tex 2020/12/27 v3.1.8b (3.1.8b)
))) (/usr/share/texlive/texmf-dist/tex/generic/pgfplots/pgfplots.code.tex (/usr/share/texlive/texmf-dist/tex/generic/pgfplots/pgfplotscore.code.tex
\t@pgfplots@toka=\toks30
\t@pgfplots@tokb=\toks31
\t@pgfplots@tokc=\toks32
\pgfplots@tmpa=\dimen310
\c@pgfplots@coordindex=\count326
\c@pgfplots@scanlineindex=\count327
 (/usr/share/texlive/texmf-dist/tex/generic/pgfplots/sys/pgfplotssysgeneric.code.tex)) (/usr/share/texlive/texmf-dist/tex/generic/pgfplots/libs/pgfplotslibrary.code.tex) (/usr/share/texlive/texmf-dist/tex/generic/pgfplots/oldpgfcompatib/pgfplotsoldpgfsupp_loader.code.tex (/usr/share/texlive/texmf-dist/tex/generic/pgf/libraries/pgflibraryfpu.code.tex)) (/usr/share/texlive/texmf-dist/tex/generic/pgfplots/util/pgfplotsutil.code.tex (/usr/share/texlive/texmf-dist/tex/generic/pgfplots/liststructure/pgfplotsliststructure.code.tex) (/usr/share/texlive/texmf-dist/tex/generic/pgfplots/liststructure/pgfplotsliststructureext.code.tex) (/usr/share/texlive/texmf-dist/tex/generic/pgfplots/liststructure/pgfplotsarray.code.tex
\c@pgfplotsarray@tmp=\count328
) (/usr/share/texlive/texmf-dist/tex/generic/pgfplots/liststructure/pgfplotsmatrix.code.tex) (/usr/share/texlive/texmf-dist/tex/generic/pgfplots/numtable/pgfplotstableshared.code.tex
\c@pgfplotstable@counta=\count329
\t@pgfplotstable@a=\toks33
) (/usr/share/texlive/texmf-dist/tex/generic/pgfplots/liststructure/pgfplotsdeque.code.tex) (/usr/share/texlive/texmf-dist/tex/generic/pgfplots/util/pgfplotsbinary.code.tex (/usr/share/texlive/texmf-dist/tex/generic/pgfplots/util/pgfplotsbinary.data.code.tex)) (/usr/share/texlive/texmf-dist/tex/generic/pgfplots/util/pgfplotsutil.verb.code.tex) (/usr/share/texlive/texmf-dist/tex/generic/pgfplots/libs/pgflibrarypgfplots.surfshading.code.tex
\c@pgfplotslibrarysurf@no=\count330
 (/usr/share/texlive/texmf-dist/tex/generic/pgfplots/sys/pgflibrarypgfplots.surfshading.pgfsys-xetex.def (/usr/share/texlive/texmf-dist/tex/generic/pgfplots/sys/pgflibrarypgfplots.surfshading.pgfsys-dvipdfmx.def
\c@pgfplotslibrarysurf@streamlen=\count331
)))) (/usr/share/texlive/texmf-dist/tex/generic/pgfplots/util/pgfplotscolormap.code.tex (/usr/share/texlive/texmf-dist/tex/generic/pgfplots/util/pgfplotscolor.code.tex)) (/usr/share/texlive/texmf-dist/tex/generic/pgfplots/pgfplotsstackedplots.code.tex) (/usr/share/texlive/texmf-dist/tex/generic/pgfplots/pgfplotsplothandlers.code.tex (/usr/share/texlive/texmf-dist/tex/generic/pgfplots/pgfplotsmeshplothandler.code.tex (/usr/share/texlive/texmf-dist/tex/generic/pgfplots/pgfplotsmeshplotimage.code.tex))) (/usr/share/texlive/texmf-dist/tex/generic/pgfplots/pgfplots.scaling.code.tex) (/usr/share/texlive/texmf-dist/tex/generic/pgfplots/pgfplotscoordprocessing.code.tex) (/usr/share/texlive/texmf-dist/tex/generic/pgfplots/pgfplots.errorbars.code.tex) (/usr/share/texlive/texmf-dist/tex/generic/pgfplots/pgfplots.markers.code.tex) (/usr/share/texlive/texmf-dist/tex/generic/pgfplots/pgfplotsticks.code.tex) (/usr/share/texlive/texmf-dist/tex/generic/pgfplots/pgfplots.paths.code.tex) (/usr/share/texlive/texmf-dist/tex/generic/pgf/frontendlayer/tikz/libraries/tikzlibrarydecorations.code.tex (/usr/share/texlive/texmf-dist/tex/generic/pgf/modules/pgfmoduledecorations.code.tex
\pgfdecoratedcompleteddistance=\dimen311
\pgfdecoratedremainingdistance=\dimen312
\pgfdecoratedinputsegmentcompleteddistance=\dimen313
\pgfdecoratedinputsegmentremainingdistance=\dimen314
\pgf@decorate@distancetomove=\dimen315
\pgf@decorate@repeatstate=\count332
\pgfdecorationsegmentamplitude=\dimen316
\pgfdecorationsegmentlength=\dimen317
)
\tikz@lib@dec@box=\box70
) (/usr/share/texlive/texmf-dist/tex/generic/pgf/frontendlayer/tikz/libraries/tikzlibrarydecorations.pathmorphing.code.tex (/usr/share/texlive/texmf-dist/tex/generic/pgf/libraries/decorations/pgflibrarydecorations.pathmorphing.code.tex)) (/usr/share/texlive/texmf-dist/tex/generic/pgf/frontendlayer/tikz/libraries/tikzlibrarydecorations.pathreplacing.code.tex (/usr/share/texlive/texmf-dist/tex/generic/pgf/libraries/decorations/pgflibrarydecorations.pathreplacing.code.tex))
(/usr/share/texlive/texmf-dist/tex/generic/pgfplots/libs/tikzlibrarypgfplots.contourlua.code.tex)
\pgfplots@numplots=\count333
\pgfplots@xmin@reg=\dimen318
\pgfplots@xmax@reg=\dimen319
\pgfplots@ymin@reg=\dimen320
\pgfplots@ymax@reg=\dimen321
\pgfplots@zmin@reg=\dimen322
\pgfplots@zmax@reg=\dimen323
) (/usr/share/texlive/texmf-dist/tex/generic/pgf/frontendlayer/tikz/libraries/tikzlibraryplotmarks.code.tex
File: tikzlibraryplotmarks.code.tex 2020/12/27 v3.1.8b (3.1.8b)
 (/usr/share/texlive/texmf-dist/tex/generic/pgf/libraries/pgflibraryplotmarks.code.tex
File: pgflibraryplotmarks.code.tex 2020/12/27 v3.1.8b (3.1.8b)
))) (/usr/share/texlive/texmf-dist/tex/generic/pgfplots/numtable/pgfplotstable.code.tex (/usr/share/texlive/texmf-dist/tex/generic/pgfplots/numtable/pgfplotstable.coltype.code.tex))) (/usr/share/texlive/texmf-dist/tex/latex/csvsimple/csvsimple.sty
Package: csvsimple 2019/04/09 version 1.21 LaTeX CSV file processing
 (/usr/share/texlive/texmf-dist/tex/latex/base/ifthen.sty
Package: ifthen 2014/09/29 v1.1c Standard LaTeX ifthen package (DPC)
) (/usr/share/texlive/texmf-dist/tex/latex/etoolbox/etoolbox.sty
Package: etoolbox 2020/10/05 v2.5k e-TeX tools for LaTeX (JAW)
\etb@tempcnta=\count334
) (/usr/share/texlive/texmf-dist/tex/latex/tools/shellesc.sty
Package: shellesc 2019/11/08 v1.0c unified shell escape interface for LaTeX
Package shellesc Info: Unrestricted shell escape enabled on input line 75.
)
\csv@file=\read3
\c@csvinputline=\count335
\c@csvrow=\count336
\c@csvcol=\count337
\csv@out=\write4
) (/usr/share/texlive/texmf-dist/tex/latex/cite/cite.sty
LaTeX Info: Redefining \cite on input line 302.
LaTeX Info: Redefining \nocite on input line 332.
Package: cite 2015/02/27  v 5.5
) (/usr/share/texlive/texmf-dist/tex/latex/float/float.sty
Package: float 2001/11/08 v1.3d Float enhancements (AL)
\c@float@type=\count338
\float@exts=\toks34
\float@box=\box71
\@float@everytoks=\toks35
\@floatcapt=\box72
) (/usr/share/texlive/texmf-dist/tex/latex/subfigure/subfigure.sty
Package: subfigure 2002/03/15 v2.1.5 subfigure package
\subfigtopskip=\skip63
\subfigcapskip=\skip64
\subfigcaptopadj=\dimen324
\subfigbottomskip=\skip65
\subfigcapmargin=\dimen325
\subfiglabelskip=\skip66
\c@subfigure=\count339
\c@lofdepth=\count340
\c@subtable=\count341
\c@lotdepth=\count342

****************************************
* Local config file subfigure.cfg used *
****************************************
(/usr/share/texlive/texmf-dist/tex/latex/subfigure/subfigure.cfg)
\subfig@top=\skip67
\subfig@bottom=\skip68
) (/usr/share/texlive/texmf-dist/tex/latex/listings/listings.sty
\lst@mode=\count343
\lst@gtempboxa=\box73
\lst@token=\toks36
\lst@length=\count344
\lst@currlwidth=\dimen326
\lst@column=\count345
\lst@pos=\count346
\lst@lostspace=\dimen327
\lst@width=\dimen328
\lst@newlines=\count347
\lst@lineno=\count348
\lst@maxwidth=\dimen329
 (/usr/share/texlive/texmf-dist/tex/latex/listings/lstmisc.sty
File: lstmisc.sty 2020/03/24 1.8d (Carsten Heinz)
\c@lstnumber=\count349
\lst@skipnumbers=\count350
\lst@framebox=\box74
) (/usr/share/texlive/texmf-dist/tex/latex/listings/listings.cfg
File: listings.cfg 2020/03/24 1.8d listings configuration
))
Package: listings 2020/03/24 1.8d (Carsten Heinz)
 (/usr/share/texlive/texmf-dist/tex/xelatex/xecjk/xeCJK-listings.sty
Package: xeCJK-listings 2020/10/19 v3.8.6 xeCJK patch file for listings
\l__xeCJK_listings_max_char_int=\count351
\l__xeCJK_listings_flag_int=\count352
) (/usr/share/texlive/texmf-dist/tex/latex/graphviz/graphviz.sty
Package: graphviz 2013/08/15 v0.94 .dtx graphviz file
) (/usr/share/texlive/texmf-dist/tex/generic/alphalph/alphalph.sty
Package: alphalph 2019/12/09 v2.6 Convert numbers to letters (HO)
 (/usr/share/texlive/texmf-dist/tex/generic/infwarerr/infwarerr.sty
Package: infwarerr 2019/12/03 v1.5 Providing info/warning/error messages (HO)
) (/usr/share/texlive/texmf-dist/tex/generic/intcalc/intcalc.sty
Package: intcalc 2019/12/15 v1.3 Expandable calculations with integers (HO)
))

Package xeCJK Warning: Redefining CJKfamily `\CJKrmdefault'
(xeCJK)                (FandolSong-Regular(0)).


Package fontspec Info: Could not resolve font "黑体/BI" (it probably doesn't
(fontspec)             exist).


Package fontspec Info: Could not resolve font "黑体/B" (it probably doesn't
(fontspec)             exist).


Package fontspec Info: Could not resolve font "黑体/I" (it probably doesn't
(fontspec)             exist).


Package fontspec Info: Font family '黑体(0)' created for font '黑体' with options
(fontspec)             [Script={CJK}].
(fontspec)              
(fontspec)              This font family consists of the following NFSS
(fontspec)             series/shapes:
(fontspec)              
(fontspec)             - 'normal' (m/n) with NFSS spec.:
(fontspec)             <->"黑体/OT:script=hani;language=dflt;"
(fontspec)             - 'small caps'  (m/sc) with NFSS spec.: 


Package fontspec Info: Font family 'TimesNewRoman(0)' created for font 'Times
(fontspec)             New Roman' with options [Ligatures=TeX].
(fontspec)              
(fontspec)              This font family consists of the following NFSS
(fontspec)             series/shapes:
(fontspec)              
(fontspec)             - 'normal' (m/n) with NFSS spec.: <->"Times New
(fontspec)             Roman/OT:script=latn;language=dflt;mapping=tex-text;"
(fontspec)             - 'small caps'  (m/sc) with NFSS spec.: <->"Times New
(fontspec)             Roman/OT:script=latn;language=dflt;+smcp;mapping=tex-text;"
(fontspec)             - 'bold' (b/n) with NFSS spec.: <->"Times New
(fontspec)             Roman/B/OT:script=latn;language=dflt;mapping=tex-text;"
(fontspec)             - 'bold small caps'  (b/sc) with NFSS spec.: <->"Times
(fontspec)             New
(fontspec)             Roman/B/OT:script=latn;language=dflt;+smcp;mapping=tex-text;"
(fontspec)             - 'italic' (m/it) with NFSS spec.: <->"Times New
(fontspec)             Roman/I/OT:script=latn;language=dflt;mapping=tex-text;"
(fontspec)             - 'italic small caps'  (m/scit) with NFSS spec.:
(fontspec)             <->"Times New
(fontspec)             Roman/I/OT:script=latn;language=dflt;+smcp;mapping=tex-text;"
(fontspec)             - 'bold italic' (b/it) with NFSS spec.: <->"Times New
(fontspec)             Roman/BI/OT:script=latn;language=dflt;mapping=tex-text;"
(fontspec)             - 'bold italic small caps'  (b/scit) with NFSS spec.:
(fontspec)             <->"Times New
(fontspec)             Roman/BI/OT:script=latn;language=dflt;+smcp;mapping=tex-text;"


Package fontspec Info: Font family 'Consolas(0)' created for font 'Consolas'
(fontspec)             with options [].
(fontspec)              
(fontspec)              This font family consists of the following NFSS
(fontspec)             series/shapes:
(fontspec)              
(fontspec)             - 'normal' (m/n) with NFSS spec.:
(fontspec)             <->"Consolas/OT:script=latn;language=dflt;"
(fontspec)             - 'small caps'  (m/sc) with NFSS spec.: 
(fontspec)             - 'bold' (b/n) with NFSS spec.:
(fontspec)             <->"Consolas/B/OT:script=latn;language=dflt;"
(fontspec)             - 'bold small caps'  (b/sc) with NFSS spec.: 
(fontspec)             - 'italic' (m/it) with NFSS spec.:
(fontspec)             <->"Consolas/I/OT:script=latn;language=dflt;"
(fontspec)             - 'italic small caps'  (m/scit) with NFSS spec.: 
(fontspec)             - 'bold italic' (b/it) with NFSS spec.:
(fontspec)             <->"Consolas/BI/OT:script=latn;language=dflt;"
(fontspec)             - 'bold italic small caps'  (b/scit) with NFSS spec.: 

(./Film-Analysis-based-on-NLP.aux)
\openout1 = `Film-Analysis-based-on-NLP.aux'.

LaTeX Font Info:    Checking defaults for OML/cmm/m/it on input line 57.
LaTeX Font Info:    ... okay on input line 57.
LaTeX Font Info:    Checking defaults for OMS/cmsy/m/n on input line 57.
LaTeX Font Info:    ... okay on input line 57.
LaTeX Font Info:    Checking defaults for OT1/cmr/m/n on input line 57.
LaTeX Font Info:    ... okay on input line 57.
LaTeX Font Info:    Checking defaults for T1/cmr/m/n on input line 57.
LaTeX Font Info:    ... okay on input line 57.
LaTeX Font Info:    Checking defaults for TS1/cmr/m/n on input line 57.
LaTeX Font Info:    ... okay on input line 57.
LaTeX Font Info:    Checking defaults for TU/lmr/m/n on input line 57.
LaTeX Font Info:    ... okay on input line 57.
LaTeX Font Info:    Checking defaults for OMX/cmex/m/n on input line 57.
LaTeX Font Info:    ... okay on input line 57.
LaTeX Font Info:    Checking defaults for U/cmr/m/n on input line 57.
LaTeX Font Info:    ... okay on input line 57.
 ABD: EverySelectfont initializing macros
LaTeX Info: Redefining \selectfont on input line 57.

Package fontspec Info: Adjusting the maths setup (use [no-math] to avoid
(fontspec)             this).

\symlegacymaths=\mathgroup4
LaTeX Font Info:    Overwriting symbol font `legacymaths' in version `bold'
(Font)                  OT1/cmr/m/n --> OT1/cmr/bx/n on input line 57.
LaTeX Font Info:    Redeclaring math accent \acute on input line 57.
LaTeX Font Info:    Redeclaring math accent \grave on input line 57.
LaTeX Font Info:    Redeclaring math accent \ddot on input line 57.
LaTeX Font Info:    Redeclaring math accent \tilde on input line 57.
LaTeX Font Info:    Redeclaring math accent \bar on input line 57.
LaTeX Font Info:    Redeclaring math accent \breve on input line 57.
LaTeX Font Info:    Redeclaring math accent \check on input line 57.
LaTeX Font Info:    Redeclaring math accent \hat on input line 57.
LaTeX Font Info:    Redeclaring math accent \dot on input line 57.
LaTeX Font Info:    Redeclaring math accent \mathring on input line 57.
LaTeX Font Info:    Redeclaring math symbol \colon on input line 57.
LaTeX Font Info:    Redeclaring math symbol \Gamma on input line 57.
LaTeX Font Info:    Redeclaring math symbol \Delta on input line 57.
LaTeX Font Info:    Redeclaring math symbol \Theta on input line 57.
LaTeX Font Info:    Redeclaring math symbol \Lambda on input line 57.
LaTeX Font Info:    Redeclaring math symbol \Xi on input line 57.
LaTeX Font Info:    Redeclaring math symbol \Pi on input line 57.
LaTeX Font Info:    Redeclaring math symbol \Sigma on input line 57.
LaTeX Font Info:    Redeclaring math symbol \Upsilon on input line 57.
LaTeX Font Info:    Redeclaring math symbol \Phi on input line 57.
LaTeX Font Info:    Redeclaring math symbol \Psi on input line 57.
LaTeX Font Info:    Redeclaring math symbol \Omega on input line 57.
LaTeX Font Info:    Redeclaring math symbol \mathdollar on input line 57.
LaTeX Font Info:    Redeclaring symbol font `operators' on input line 57.
LaTeX Font Info:    Encoding `OT1' has changed to `TU' for symbol font
(Font)              `operators' in the math version `normal' on input line 57.
LaTeX Font Info:    Overwriting symbol font `operators' in version `normal'
(Font)                  OT1/cmr/m/n --> TU/TimesNewRoman(0)/m/n on input line 57.
LaTeX Font Info:    Encoding `OT1' has changed to `TU' for symbol font
(Font)              `operators' in the math version `bold' on input line 57.
LaTeX Font Info:    Overwriting symbol font `operators' in version `bold'
(Font)                  OT1/cmr/bx/n --> TU/TimesNewRoman(0)/m/n on input line 57.
LaTeX Font Info:    Overwriting symbol font `operators' in version `normal'
(Font)                  TU/TimesNewRoman(0)/m/n --> TU/TimesNewRoman(0)/m/n on input line 57.
LaTeX Font Info:    Overwriting math alphabet `\mathit' in version `normal'
(Font)                  OT1/cmr/m/it --> TU/TimesNewRoman(0)/m/it on input line 57.
LaTeX Font Info:    Overwriting math alphabet `\mathbf' in version `normal'
(Font)                  OT1/cmr/bx/n --> TU/TimesNewRoman(0)/b/n on input line 57.
LaTeX Font Info:    Overwriting math alphabet `\mathsf' in version `normal'
(Font)                  OT1/cmss/m/n --> TU/lmss/m/n on input line 57.
LaTeX Font Info:    Overwriting math alphabet `\mathtt' in version `normal'
(Font)                  OT1/cmtt/m/n --> TU/lmtt/m/n on input line 57.
LaTeX Font Info:    Overwriting symbol font `operators' in version `bold'
(Font)                  TU/TimesNewRoman(0)/m/n --> TU/TimesNewRoman(0)/b/n on input line 57.
LaTeX Font Info:    Overwriting math alphabet `\mathit' in version `bold'
(Font)                  OT1/cmr/bx/it --> TU/TimesNewRoman(0)/b/it on input line 57.
LaTeX Font Info:    Overwriting math alphabet `\mathsf' in version `bold'
(Font)                  OT1/cmss/bx/n --> TU/lmss/b/n on input line 57.
LaTeX Font Info:    Overwriting math alphabet `\mathtt' in version `bold'
(Font)                  OT1/cmtt/m/n --> TU/lmtt/b/n on input line 57.
 (/usr/share/texlive/texmf-dist/tex/latex/siunitx/siunitx-abbreviations.cfg
File: siunitx-abbreviations.cfg 2021-04-17 v2.8e siunitx: Abbreviated units
) (/usr/share/texlive/texmf-dist/tex/latex/translator/translator-basic-dictionary-English.dict
Dictionary: translator-basic-dictionary, Language: English 
)

Package pgfplots Warning: running in backwards compatibility mode (unsuitable tick labels; missing features). Consider writing \pgfplotsset{compat=1.18} into your preamble.
 on input line 57.

\c@lstlisting=\count353
LaTeX Font Info:    External font `cmex10' loaded for size
(Font)              <12> on input line 57.
LaTeX Font Info:    External font `cmex10' loaded for size
(Font)              <8> on input line 57.
LaTeX Font Info:    External font `cmex10' loaded for size
(Font)              <6> on input line 57.
LaTeX Font Info:    External font `cmex10' loaded for size
(Font)              <14.4> on input line 58.
LaTeX Font Info:    External font `cmex10' loaded for size
(Font)              <7> on input line 58.

LaTeX Font Warning: Font shape `TU/黑体(0)/b/n' undefined
(Font)              using `TU/黑体(0)/m/n' instead on input line 62.


Underfull \hbox (badness 10000) in paragraph at lines 77--80

 []

[1

]
Underfull \hbox (badness 10000) in paragraph at lines 86--88

 []


Underfull \hbox (badness 10000) in paragraph at lines 93--101

 []

(/usr/share/texlive/texmf-dist/tex/latex/listings/lstlang1.sty
File: lstlang1.sty 2020/03/24 1.8d listings language file
) [2] [3] [4] [5] [6] [7] [8]
File: table.png Graphic file (type bmp)
<table.png>

Overfull \hbox (36.79134pt too wide) in paragraph at lines 376--377
 [][] 
 []

File: ./images/addr1.jpg Graphic file (type bmp)
<./images/addr1.jpg>
File: ./images/rating1.jpg Graphic file (type bmp)
<./images/rating1.jpg>
[9]
File: ./images/comments1.jpg Graphic file (type bmp)
<./images/comments1.jpg>
 [10]
Overfull \hbox (2.34375pt too wide) in paragraph at lines 406--407
 \TU/TimesNewRoman(0)/b/n/12 pos_word:[] \TU/黑体(0)/m/n/12 战 争\TU/TimesNewRoman(0)/m/n/12 :295, \TU/黑体(0)/m/n/12 电 影\TU/TimesNewRoman(0)/m/n/12 :88, \TU/黑体(0)/m/n/12 战 场\TU/TimesNewRoman(0)/m/n/12 :74, \TU/黑体(0)/m/n/12 反 战\TU/TimesNewRoman(0)/m/n/12 :70, \TU/黑体(0)/m/n/12 士 兵\TU/TimesNewRoman(0)/m/n/12 :60, \TU/黑体(0)/m/n/12 残 酷\TU/TimesNewRoman(0)/m/n/12 :53, \TU/黑体(0)/m/n/12 战 争 片\TU/TimesNewRoman(0)/m/n/12 :51,
 []

File: ./images/addr2.jpg Graphic file (type bmp)
<./images/addr2.jpg>
File: ./images/rating2.jpg Graphic file (type bmp)
<./images/rating2.jpg>
[11]
File: ./images/comments2.jpg Graphic file (type bmp)
<./images/comments2.jpg>
 [12]
File: ./images/addr3.jpg Graphic file (type bmp)
<./images/addr3.jpg>
File: ./images/rating3.jpg Graphic file (type bmp)
<./images/rating3.jpg>
 [13]
File: ./images/comments3.jpg Graphic file (type bmp)
<./images/comments3.jpg>
 [14]
File: ./images/addr4.jpg Graphic file (type bmp)
<./images/addr4.jpg>
File: ./images/rating4.jpg Graphic file (type bmp)
<./images/rating4.jpg>
File: ./images/comments4.jpg Graphic file (type bmp)
<./images/comments4.jpg>
 [15] [16]
File: ./images/addr5.jpg Graphic file (type bmp)
<./images/addr5.jpg>
File: ./images/rating5.jpg Graphic file (type bmp)
<./images/rating5.jpg>
File: ./images/comments5.jpg Graphic file (type bmp)
<./images/comments5.jpg>
 [17] [18]
Overfull \hbox (3.3789pt too wide) in paragraph at lines 555--559
[]\TU/黑体(0)/m/n/12 总 体 而 言，|  评 价 中 等，|  好 评 率 \TU/TimesNewRoman(0)/m/n/12 41.43%, \TU/黑体(0)/m/n/12 中 评 占 比 \TU/TimesNewRoman(0)/m/n/12 48.37%, \TU/黑体(0)/m/n/12 差 评 占 比 \TU/TimesNewRoman(0)/m/n/12 10.21%\TU/黑体(0)/m/n/12 。|
 []

File: ./images/addr6.jpg Graphic file (type bmp)
<./images/addr6.jpg>
File: ./images/rating6.jpg Graphic file (type bmp)
<./images/rating6.jpg>
File: ./images/comments6.jpg Graphic file (type bmp)
<./images/comments6.jpg>
[19] [20]
Overfull \hbox (2.34375pt too wide) in paragraph at lines 585--586
 \TU/TimesNewRoman(0)/b/n/12 pos_word: \TU/黑体(0)/m/n/12 电 影\TU/TimesNewRoman(0)/m/n/12 :129, \TU/黑体(0)/m/n/12 英 雄\TU/TimesNewRoman(0)/m/n/12 :103, \TU/黑体(0)/m/n/12 亚 当\TU/TimesNewRoman(0)/m/n/12 :102, \TU/黑体(0)/m/n/12 博 士\TU/TimesNewRoman(0)/m/n/12 :73, \TU/黑体(0)/m/n/12 特 效\TU/TimesNewRoman(0)/m/n/12 :68, \TU/黑体(0)/m/n/12 剧 情\TU/TimesNewRoman(0)/m/n/12 :63, \TU/黑体(0)/m/n/12 角 色\TU/TimesNewRoman(0)/m/n/12 :60,
 []


Overfull \hbox (8.98807pt too wide) in paragraph at lines 589--593
[]\TU/黑体(0)/m/n/12 整 体 评 价 中 等 偏 下\TU/TimesNewRoman(0)/m/n/12 , \TU/黑体(0)/m/n/12 好 评 占 比 \TU/TimesNewRoman(0)/m/n/12 17.57%, \TU/黑体(0)/m/n/12 中 评 占 比 \TU/TimesNewRoman(0)/m/n/12 49.70%, \TU/黑体(0)/m/n/12 差 评 占 比 \TU/TimesNewRoman(0)/m/n/12 32.73%,
 []

File: ./images/addr7.jpg Graphic file (type bmp)
<./images/addr7.jpg>
File: ./images/rating7.jpg Graphic file (type bmp)
<./images/rating7.jpg>
File: ./images/comments7.jpg Graphic file (type bmp)
<./images/comments7.jpg>
[21] [22]
File: ./images/addr8.jpg Graphic file (type bmp)
<./images/addr8.jpg>
File: ./images/rating8.jpg Graphic file (type bmp)
<./images/rating8.jpg>
 [23]
File: ./images/comments8.jpg Graphic file (type bmp)
<./images/comments8.jpg>
 [24]
File: ./images/addr9.jpg Graphic file (type bmp)
<./images/addr9.jpg>
File: ./images/rating9.jpg Graphic file (type bmp)
<./images/rating9.jpg>
File: ./images/comments9.jpg Graphic file (type bmp)
<./images/comments9.jpg>
 [25] [26]
File: ./images/addr10.jpg Graphic file (type bmp)
<./images/addr10.jpg>
File: ./images/rating10.jpg Graphic file (type bmp)
<./images/rating10.jpg>
File: ./images/comments10.jpg Graphic file (type bmp)
<./images/comments10.jpg>
 [27] [28]
Overfull \hbox (10.81018pt too wide) in paragraph at lines 727--731
[]\TU/黑体(0)/m/n/12 整 体 评 价 中 等 偏 上，|  好 评 占 比 \TU/TimesNewRoman(0)/m/n/12 43.46%, \TU/黑体(0)/m/n/12 中 评 占 比 \TU/TimesNewRoman(0)/m/n/12 33.00%, \TU/黑体(0)/m/n/12 差 评 占 比 \TU/TimesNewRoman(0)/m/n/12 23.54%\TU/黑体(0)/m/n/12 。|
 []

[29] (./Film-Analysis-based-on-NLP.bbl [30]) [31] (./Film-Analysis-based-on-NLP.aux)

LaTeX Font Warning: Some font shapes were not available, defaults substituted.

 ) 
Here is how much of TeX's memory you used:
 32795 strings out of 476788
 887167 string characters out of 5822420
 1710257 words of memory out of 6000000
 52319 multiletter control sequences out of 15000+600000
 407583 words of font info for 102 fonts, out of 8000000 for 9000
 1348 hyphenation exceptions out of 8191
 114i,6n,117p,808b,1566s stack positions out of 5000i,500n,10000p,200000b,80000s

Output written on Film-Analysis-based-on-NLP.pdf (31 pages).
